TN:
SF:D:\projects\js.jasmine.101\code\js\app.js
FN:8,testingAngularCtrl
FN:19,(anonymous_2)
FN:28,(anonymous_3)
FN:32,(anonymous_4)
FN:36,success
FN:45,error
FN:51,(anonymous_7)
FN:55,(anonymous_8)
FN:57,(anonymous_9)
FN:64,warmestDestinations
FN:67,(anonymous_11)
FNF:11
FNH:8
FNDA:5,testingAngularCtrl
FNDA:2,(anonymous_2)
FNDA:1,(anonymous_3)
FNDA:1,(anonymous_4)
FNDA:1,success
FNDA:0,error
FNDA:1,(anonymous_7)
FNDA:6,(anonymous_8)
FNDA:1,(anonymous_9)
FNDA:0,warmestDestinations
FNDA:0,(anonymous_11)
DA:1,1
DA:3,1
DA:8,1
DA:9,5
DA:11,5
DA:12,5
DA:14,5
DA:19,5
DA:20,2
DA:28,5
DA:29,1
DA:32,5
DA:33,1
DA:37,1
DA:38,1
DA:39,1
DA:40,1
DA:42,0
DA:46,0
DA:51,5
DA:52,1
DA:55,5
DA:56,6
DA:57,1
DA:58,1
DA:64,1
DA:65,0
DA:67,0
DA:68,0
DA:69,0
DA:73,0
LF:31
LH:24
BRDA:37,1,0,1
BRDA:37,1,1,0
BRDA:56,2,0,1
BRDA:56,2,1,5
BRDA:68,3,0,0
BRDA:68,3,1,0
BRDA:68,4,0,0
BRDA:68,4,1,0
BRDA:68,4,2,0
BRF:9
BRH:3
end_of_record
