TN:
SF:D:\projects\js.jasmine.101\code\js\app.js
FN:9,testingAngularService
FN:12,(anonymous_2)
FN:21,testingAngularCtrl
FN:32,(anonymous_4)
FN:41,(anonymous_5)
FN:45,(anonymous_6)
FN:49,success
FN:58,error
FN:64,(anonymous_9)
FN:68,(anonymous_10)
FN:70,(anonymous_11)
FN:77,warmestDestinations
FN:80,(anonymous_13)
FNF:13
FNH:9
FNDA:6,testingAngularService
FNDA:0,(anonymous_2)
FNDA:6,testingAngularCtrl
FNDA:2,(anonymous_4)
FNDA:1,(anonymous_5)
FNDA:1,(anonymous_6)
FNDA:1,success
FNDA:0,error
FNDA:1,(anonymous_9)
FNDA:7,(anonymous_10)
FNDA:1,(anonymous_11)
FNDA:0,warmestDestinations
FNDA:0,(anonymous_13)
DA:1,1
DA:3,1
DA:9,1
DA:10,6
DA:12,6
DA:13,0
DA:16,6
DA:21,1
DA:22,6
DA:24,6
DA:25,6
DA:27,6
DA:32,6
DA:33,2
DA:41,6
DA:42,1
DA:45,6
DA:46,1
DA:50,1
DA:51,1
DA:52,1
DA:53,1
DA:55,0
DA:59,0
DA:64,6
DA:65,1
DA:68,6
DA:69,7
DA:70,1
DA:71,1
DA:77,1
DA:78,0
DA:80,0
DA:81,0
DA:82,0
DA:86,0
LF:36
LH:28
BRDA:50,1,0,1
BRDA:50,1,1,0
BRDA:69,2,0,1
BRDA:69,2,1,6
BRDA:81,3,0,0
BRDA:81,3,1,0
BRDA:81,4,0,0
BRDA:81,4,1,0
BRDA:81,4,2,0
BRF:9
BRH:3
end_of_record
